Black (Genetic Algorithm) vs White (Minimax)
Black (Genetic Algorithm) move (2, 4) took 0.50s
White (Minimax) move (2, 3) took 5.50s
Black (Genetic Algorithm) move (1, 2) took 0.50s
White (Minimax) move (1, 3) took 5.50s
Black (Genetic Algorithm) move (1, 4) took 0.50s
White (Minimax) move (0, 3) took 5.50s
Black (Genetic Algorithm) move (5, 2) took 0.50s
White (Minimax) move (0, 5) took 5.50s
Black (Genetic Algorithm) move (0, 2) took 0.50s
White (Minimax) move (2, 5) took 5.50s
Black (Genetic Algorithm) move (1, 6) took 0.50s
White (Minimax) move (0, 1) took 5.50s
Black (Genetic Algorithm) move (1, 1) took 0.50s
White (Minimax) move (2, 2) took 5.50s
Black (Genetic Algorithm) move (1, 5) took 0.50s
White (Minimax) move (0, 4) took 5.50s
Black (Genetic Algorithm) move (3, 2) took 0.50s
White (Minimax) move (0, 6) took 5.50s
Black (Genetic Algorithm) move (2, 1) took 0.50s
White (Minimax) move (2, 6) took 5.50s
Black (Genetic Algorithm) move (0, 7) took 0.50s
White (Minimax) move (2, 0) took 5.50s
Black (Genetic Algorithm) move (3, 6) took 0.50s
White (Minimax) move (4, 1) took 5.50s
Black (Genetic Algorithm) move (0, 0) took 0.50s
White (Minimax) move (2, 7) took 5.50s
Black (Genetic Algorithm) move (3, 0) took 0.50s
White (Minimax) move (4, 0) took 3.38s
Black (Genetic Algorithm) move (3, 1) took 0.50s
White (Minimax) move (1, 7) took 2.92s
Black (Genetic Algorithm) move (3, 7) took 0.50s
White (Minimax) move (5, 0) took 4.56s
Black (Genetic Algorithm) move (5, 1) took 0.50s
White (Minimax) move (4, 2) took 2.17s
Black (Genetic Algorithm) move (3, 5) took 0.50s
White (Minimax) move (6, 0) took 4.76s
Black (Genetic Algorithm) move (6, 1) took 0.50s
White (Minimax) move (6, 3) took 4.57s
Black (Genetic Algorithm) move (5, 3) took 0.53s
White (Minimax) move (4, 7) took 5.50s
Black (Genetic Algorithm) move (4, 5) took 0.50s
White (Minimax) move (6, 4) took 4.23s
Black (Genetic Algorithm) move (5, 7) took 0.50s
White (Minimax) move (1, 0) took 3.37s
Black (Genetic Algorithm) move (7, 0) took 0.50s
White (Minimax) move (7, 1) took 5.33s
Black (Genetic Algorithm) move (7, 4) took 0.50s
White (Minimax) move (7, 3) took 3.27s
Black (Genetic Algorithm) move (5, 4) took 0.50s
White (Minimax) move (6, 2) took 1.50s
Black (Genetic Algorithm) move (7, 2) took 0.50s
White (Minimax) move (6, 5) took 0.61s
Black (Genetic Algorithm) move (5, 6) took 0.50s
White (Minimax) move (4, 6) took 0.52s
Black (Genetic Algorithm) move (5, 5) took 0.50s
White (Minimax) move (7, 5) took 0.51s
Black (Genetic Algorithm) move (7, 6) took 0.50s
White (Minimax) move (6, 6) took 0.50s
Black (Genetic Algorithm) move (6, 7) took 0.50s
White (Minimax) move (7, 7) took 0.50s
Black wins! with Score Difference of 16
Average White Execution Time : 3.99s
Average Black Execution Time : 0.5s
